<?xml version="1.0" encoding="UTF-8"?>
<testng-results ignored="0" total="1" passed="1" failed="0" skipped="0">
  <reporter-output>
  </reporter-output>
  <suite started-at="2021-08-04T10:32:32 IST" name="Default suite" finished-at="2021-08-04T10:32:32 IST" duration-ms="169">
    <groups>
    </groups>
    <test started-at="2021-08-04T10:32:32 IST" name="Default test" finished-at="2021-08-04T10:32:32 IST" duration-ms="169">
      <class name="com.TY_Rmg.projects.CreateContactTest">
        <test-method signature="CreateContactTest()[pri:0, instance:com.TY_Rmg.projects.CreateContactTest@1a04f701]" started-at="2021-08-04T10:32:32 IST" name="CreateContactTest" finished-at="2021-08-04T10:32:32 IST" duration-ms="27" status="PASS">
          <reporter-output>
          </reporter-output>
        </test-method> <!-- CreateContactTest -->
      </class> <!-- com.TY_Rmg.projects.CreateContactTest -->
    </test> <!-- Default test -->
  </suite> <!-- Default suite -->
</testng-results>
